<?xml version="1.0" encoding="UTF-8"?>
<coverage generated="1590332989362" clover="3.2.0">
  <project timestamp="1590332989363" name="All files">
    <metrics statements="90" coveredstatements="47" conditionals="31" coveredconditionals="6" methods="29" coveredmethods="8" elements="150" coveredelements="61" complexity="0" loc="90" ncloc="90" packages="4" files="15" classes="15"/>
    <package name="src">
      <metrics statements="16" coveredstatements="9" conditionals="5" coveredconditionals="1" methods="5" coveredmethods="2"/>
      <file name="index.js" path="/Users/christian/Dev/jobs/practice/fs1/client/src/index.js">
        <metrics statements="7" coveredstatements="0" conditionals="2" coveredconditionals="0" methods="2" coveredmethods="0"/>
        <line num="8" count="0" type="stmt"/>
        <line num="9" count="0" type="stmt"/>
        <line num="16" count="0" type="stmt"/>
        <line num="18" count="0" type="cond" truecount="0" falsecount="2"/>
        <line num="19" count="0" type="stmt"/>
        <line num="20" count="0" type="stmt"/>
        <line num="21" count="0" type="stmt"/>
      </file>
      <file name="test-utils.js" path="/Users/christian/Dev/jobs/practice/fs1/client/src/test-utils.js">
        <metrics statements="5" coveredstatements="5" conditionals="3" coveredconditionals="1" methods="3" coveredmethods="2"/>
        <line num="16" count="3" type="stmt"/>
        <line num="17" count="3" type="cond" truecount="1" falsecount="1"/>
        <line num="18" count="3" type="stmt"/>
        <line num="20" count="3" type="stmt"/>
        <line num="22" count="3" type="stmt"/>
      </file>
      <file name="theme.js" path="/Users/christian/Dev/jobs/practice/fs1/client/src/theme.js">
        <metrics statements="4" coveredstatements="4" conditionals="0" coveredconditionals="0" methods="0" coveredmethods="0"/>
        <line num="3" count="1" type="stmt"/>
        <line num="12" count="1" type="stmt"/>
        <line num="20" count="1" type="stmt"/>
        <line num="29" count="1" type="stmt"/>
      </file>
    </package>
    <package name="src.App">
      <metrics statements="4" coveredstatements="4" conditionals="2" coveredconditionals="1" methods="2" coveredmethods="2"/>
      <file name="App.jsx" path="/Users/christian/Dev/jobs/practice/fs1/client/src/App/App.jsx">
        <metrics statements="3" coveredstatements="3" conditionals="2" coveredconditionals="1" methods="2" coveredmethods="2"/>
        <line num="9" count="1" type="stmt"/>
        <line num="10" count="2" type="stmt"/>
        <line num="11" count="1" type="stmt"/>
      </file>
      <file name="index.js" path="/Users/christian/Dev/jobs/practice/fs1/client/src/App/index.js">
        <metrics statements="0" coveredstatements="0" conditionals="0" coveredconditionals="0" methods="0" coveredmethods="0"/>
      </file>
      <file name="styles.js" path="/Users/christian/Dev/jobs/practice/fs1/client/src/App/styles.js">
        <metrics statements="1" coveredstatements="1" conditionals="0" coveredconditionals="0" methods="0" coveredmethods="0"/>
        <line num="4" count="1" type="stmt"/>
      </file>
    </package>
    <package name="src.components">
      <metrics statements="34" coveredstatements="18" conditionals="7" coveredconditionals="2" methods="10" coveredmethods="2"/>
      <file name="Containers.jsx" path="/Users/christian/Dev/jobs/practice/fs1/client/src/components/Containers.jsx">
        <metrics statements="1" coveredstatements="1" conditionals="0" coveredconditionals="0" methods="0" coveredmethods="0"/>
        <line num="3" count="2" type="stmt"/>
      </file>
      <file name="FormFields.js" path="/Users/christian/Dev/jobs/practice/fs1/client/src/components/FormFields.js">
        <metrics statements="4" coveredstatements="4" conditionals="0" coveredconditionals="0" methods="0" coveredmethods="0"/>
        <line num="3" count="2" type="stmt"/>
        <line num="23" count="2" type="stmt"/>
        <line num="31" count="2" type="stmt"/>
        <line num="87" count="2" type="stmt"/>
      </file>
      <file name="Login.jsx" path="/Users/christian/Dev/jobs/practice/fs1/client/src/components/Login.jsx">
        <metrics statements="13" coveredstatements="10" conditionals="4" coveredconditionals="2" methods="5" coveredmethods="2"/>
        <line num="15" count="2" type="stmt"/>
        <line num="39" count="2" type="stmt"/>
        <line num="64" count="2" type="stmt"/>
        <line num="65" count="3" type="stmt"/>
        <line num="66" count="6" type="stmt"/>
        <line num="67" count="3" type="stmt"/>
        <line num="72" count="3" type="stmt"/>
        <line num="74" count="0" type="stmt"/>
        <line num="79" count="3" type="stmt"/>
        <line num="80" count="0" type="stmt"/>
        <line num="83" count="3" type="stmt"/>
        <line num="84" count="0" type="stmt"/>
        <line num="87" count="3" type="stmt"/>
      </file>
      <file name="Preloader.js" path="/Users/christian/Dev/jobs/practice/fs1/client/src/components/Preloader.js">
        <metrics statements="3" coveredstatements="0" conditionals="0" coveredconditionals="0" methods="1" coveredmethods="0"/>
        <line num="5" count="0" type="stmt"/>
        <line num="14" count="0" type="stmt"/>
        <line num="48" count="0" type="stmt"/>
      </file>
      <file name="SignUp.jsx" path="/Users/christian/Dev/jobs/practice/fs1/client/src/components/SignUp.jsx">
        <metrics statements="13" coveredstatements="3" conditionals="3" coveredconditionals="0" methods="4" coveredmethods="0"/>
        <line num="13" count="1" type="stmt"/>
        <line num="37" count="1" type="stmt"/>
        <line num="62" count="1" type="stmt"/>
        <line num="63" count="0" type="stmt"/>
        <line num="65" count="0" type="stmt"/>
        <line num="72" count="0" type="stmt"/>
        <line num="74" count="0" type="stmt"/>
        <line num="79" count="0" type="stmt"/>
        <line num="80" count="0" type="stmt"/>
        <line num="83" count="0" type="stmt"/>
        <line num="84" count="0" type="stmt"/>
        <line num="90" count="0" type="stmt"/>
        <line num="93" count="0" type="stmt"/>
      </file>
    </package>
    <package name="src.redux">
      <metrics statements="36" coveredstatements="16" conditionals="17" coveredconditionals="2" methods="12" coveredmethods="2"/>
      <file name="actionTypes.js" path="/Users/christian/Dev/jobs/practice/fs1/client/src/redux/actionTypes.js">
        <metrics statements="5" coveredstatements="5" conditionals="0" coveredconditionals="0" methods="0" coveredmethods="0"/>
        <line num="1" count="2" type="stmt"/>
        <line num="2" count="2" type="stmt"/>
        <line num="3" count="2" type="stmt"/>
        <line num="4" count="2" type="stmt"/>
        <line num="5" count="2" type="stmt"/>
      </file>
      <file name="actions.js" path="/Users/christian/Dev/jobs/practice/fs1/client/src/redux/actions.js">
        <metrics statements="14" coveredstatements="4" conditionals="4" coveredconditionals="0" methods="10" coveredmethods="0"/>
        <line num="4" count="2" type="stmt"/>
        <line num="6" count="2" type="stmt"/>
        <line num="7" count="0" type="stmt"/>
        <line num="10" count="2" type="stmt"/>
        <line num="11" count="0" type="stmt"/>
        <line num="14" count="0" type="stmt"/>
        <line num="16" count="0" type="stmt"/>
        <line num="19" count="2" type="stmt"/>
        <line num="20" count="0" type="stmt"/>
        <line num="23" count="0" type="stmt"/>
        <line num="24" count="0" type="cond" truecount="0" falsecount="4"/>
        <line num="25" count="0" type="stmt"/>
        <line num="27" count="0" type="stmt"/>
        <line num="30" count="0" type="stmt"/>
      </file>
      <file name="index.js" path="/Users/christian/Dev/jobs/practice/fs1/client/src/redux/index.js">
        <metrics statements="4" coveredstatements="0" conditionals="4" coveredconditionals="0" methods="0" coveredmethods="0"/>
        <line num="4" count="0" type="stmt"/>
        <line num="6" count="0" type="stmt"/>
        <line num="9" count="0" type="cond" truecount="0" falsecount="4"/>
        <line num="16" count="0" type="stmt"/>
      </file>
      <file name="reducers.js" path="/Users/christian/Dev/jobs/practice/fs1/client/src/redux/reducers.js">
        <metrics statements="13" coveredstatements="7" conditionals="9" coveredconditionals="2" methods="2" coveredmethods="2"/>
        <line num="3" count="2" type="stmt"/>
        <line num="14" count="1" type="stmt"/>
        <line num="15" count="1" type="cond" truecount="1" falsecount="2"/>
        <line num="17" count="0" type="stmt"/>
        <line num="18" count="0" type="stmt"/>
        <line num="21" count="0" type="stmt"/>
        <line num="24" count="1" type="stmt"/>
        <line num="28" count="2" type="stmt"/>
        <line num="29" count="2" type="cond" truecount="1" falsecount="3"/>
        <line num="31" count="0" type="stmt"/>
        <line num="34" count="0" type="stmt"/>
        <line num="37" count="0" type="stmt"/>
        <line num="40" count="2" type="stmt"/>
      </file>
    </package>
  </project>
</coverage>
