{"/Users/christian/Dev/jobs/practice/fs1/client/src/index.js": {"path":"/Users/christian/Dev/jobs/practice/fs1/client/src/index.js","statementMap":{"0":{"start":{"line":8,"column":15},"end":{"line":14,"column":1}},"1":{"start":{"line":9,"column":4},"end":{"line":13,"column":53}},"2":{"start":{"line":16,"column":0},"end":{"line":16,"column":12}},"3":{"start":{"line":18,"column":0},"end":{"line":23,"column":1}},"4":{"start":{"line":19,"column":4},"end":{"line":22,"column":7}},"5":{"start":{"line":20,"column":24},"end":{"line":20,"column":48}},"6":{"start":{"line":21,"column":8},"end":{"line":21,"column":24}}},"fnMap":{"0":{"name":"(anonymous_0)","decl":{"start":{"line":8,"column":15},"end":{"line":8,"column":16}},"loc":{"start":{"line":8,"column":28},"end":{"line":14,"column":1}},"line":8},"1":{"name":"(anonymous_1)","decl":{"start":{"line":19,"column":31},"end":{"line":19,"column":32}},"loc":{"start":{"line":19,"column":37},"end":{"line":22,"column":5}},"line":19}},"branchMap":{"0":{"loc":{"start":{"line":18,"column":0},"end":{"line":23,"column":1}},"type":"if","locations":[{"start":{"line":18,"column":0},"end":{"line":23,"column":1}},{"start":{"line":18,"column":0},"end":{"line":23,"column":1}}],"line":18}},"s":{"0":0,"1":0,"2":0,"3":0,"4":0,"5":0,"6":0},"f":{"0":0,"1":0},"b":{"0":[0,0]},"hash":"e70f9759a87e82fcefb00696aadc74763f6b6927"}
,"/Users/christian/Dev/jobs/practice/fs1/client/src/test-utils.js": {"path":"/Users/christian/Dev/jobs/practice/fs1/client/src/test-utils.js","statementMap":{"0":{"start":{"line":16,"column":18},"end":{"line":16,"column":25}},"1":{"start":{"line":17,"column":19},"end":{"line":17,"column":63}},"2":{"start":{"line":18,"column":4},"end":{"line":18,"column":47}},"3":{"start":{"line":20,"column":8},"end":{"line":20,"column":60}},"4":{"start":{"line":22,"column":4},"end":{"line":22,"column":64}}},"fnMap":{"0":{"name":"render","decl":{"start":{"line":8,"column":9},"end":{"line":8,"column":15}},"loc":{"start":{"line":15,"column":2},"end":{"line":23,"column":1}},"line":15},"1":{"name":"(anonymous_1)","decl":{"start":{"line":16,"column":18},"end":{"line":16,"column":19}},"loc":{"start":{"line":16,"column":23},"end":{"line":16,"column":25}},"line":16},"2":{"name":"Wrapper","decl":{"start":{"line":19,"column":13},"end":{"line":19,"column":20}},"loc":{"start":{"line":19,"column":35},"end":{"line":21,"column":5}},"line":19}},"branchMap":{"0":{"loc":{"start":{"line":10,"column":2},"end":{"line":14,"column":8}},"type":"default-arg","locations":[{"start":{"line":14,"column":6},"end":{"line":14,"column":8}}],"line":10},"1":{"loc":{"start":{"line":17,"column":32},"end":{"line":17,"column":48}},"type":"binary-expr","locations":[{"start":{"line":17,"column":32},"end":{"line":17,"column":39}},{"start":{"line":17,"column":43},"end":{"line":17,"column":48}}],"line":17}},"s":{"0":3,"1":3,"2":3,"3":3,"4":3},"f":{"0":3,"1":0,"2":3},"b":{"0":[0],"1":[3,0]},"_coverageSchema":"43e27e138ebf9cfc5966b082cf9a028302ed4184","hash":"fea1c7a34bcabe63a3c2076c088baa3c0b306654"}
,"/Users/christian/Dev/jobs/practice/fs1/client/src/theme.js": {"path":"/Users/christian/Dev/jobs/practice/fs1/client/src/theme.js","statementMap":{"0":{"start":{"line":3,"column":22},"end":{"line":10,"column":1}},"1":{"start":{"line":12,"column":20},"end":{"line":18,"column":1}},"2":{"start":{"line":20,"column":25},"end":{"line":27,"column":1}},"3":{"start":{"line":29,"column":26},"end":{"line":33,"column":1}}},"fnMap":{},"branchMap":{},"s":{"0":1,"1":1,"2":1,"3":1},"f":{},"b":{},"_coverageSchema":"43e27e138ebf9cfc5966b082cf9a028302ed4184","hash":"72b5268f53652498a9ae0373a53f2e3d0b21b40f"}
,"/Users/christian/Dev/jobs/practice/fs1/client/src/App/App.jsx": {"path":"/Users/christian/Dev/jobs/practice/fs1/client/src/App/App.jsx","statementMap":{"0":{"start":{"line":9,"column":12},"end":{"line":17,"column":1}},"1":{"start":{"line":10,"column":19},"end":{"line":10,"column":48}},"2":{"start":{"line":10,"column":42},"end":{"line":10,"column":47}},"3":{"start":{"line":11,"column":2},"end":{"line":16,"column":4}}},"fnMap":{"0":{"name":"(anonymous_0)","decl":{"start":{"line":9,"column":12},"end":{"line":9,"column":13}},"loc":{"start":{"line":9,"column":18},"end":{"line":17,"column":1}},"line":9},"1":{"name":"(anonymous_1)","decl":{"start":{"line":10,"column":31},"end":{"line":10,"column":32}},"loc":{"start":{"line":10,"column":42},"end":{"line":10,"column":47}},"line":10}},"branchMap":{"0":{"loc":{"start":{"line":13,"column":20},"end":{"line":13,"column":62}},"type":"cond-expr","locations":[{"start":{"line":13,"column":40},"end":{"line":13,"column":50}},{"start":{"line":13,"column":53},"end":{"line":13,"column":62}}],"line":13}},"s":{"0":1,"1":1,"2":2,"3":1},"f":{"0":1,"1":2},"b":{"0":[0,1]},"_coverageSchema":"43e27e138ebf9cfc5966b082cf9a028302ed4184","hash":"bf2df7ab702054602f8b59ead6b5cae72d527eee"}
,"/Users/christian/Dev/jobs/practice/fs1/client/src/App/index.js": {"path":"/Users/christian/Dev/jobs/practice/fs1/client/src/App/index.js","statementMap":{},"fnMap":{},"branchMap":{},"s":{},"f":{},"b":{},"hash":"7920ecb6cde5be2750e87403696840ee39ab7944"}
,"/Users/christian/Dev/jobs/practice/fs1/client/src/App/styles.js": {"path":"/Users/christian/Dev/jobs/practice/fs1/client/src/App/styles.js","statementMap":{"0":{"start":{"line":4,"column":20},"end":{"line":45,"column":1}}},"fnMap":{},"branchMap":{},"s":{"0":1},"f":{},"b":{},"_coverageSchema":"43e27e138ebf9cfc5966b082cf9a028302ed4184","hash":"63c9e3f5966fa521b14fbfcf726d88cebf793a0c"}
,"/Users/christian/Dev/jobs/practice/fs1/client/src/components/Containers.jsx": {"path":"/Users/christian/Dev/jobs/practice/fs1/client/src/components/Containers.jsx","statementMap":{"0":{"start":{"line":3,"column":25},"end":{"line":12,"column":1}}},"fnMap":{},"branchMap":{},"s":{"0":2},"f":{},"b":{},"_coverageSchema":"43e27e138ebf9cfc5966b082cf9a028302ed4184","hash":"6ccaf6403c7cdc221f8c2058c61ab6589101ed8e"}
,"/Users/christian/Dev/jobs/practice/fs1/client/src/components/FormFields.js": {"path":"/Users/christian/Dev/jobs/practice/fs1/client/src/components/FormFields.js","statementMap":{"0":{"start":{"line":3,"column":26},"end":{"line":21,"column":1}},"1":{"start":{"line":23,"column":29},"end":{"line":28,"column":1}},"2":{"start":{"line":31,"column":27},"end":{"line":85,"column":1}},"3":{"start":{"line":87,"column":29},"end":{"line":115,"column":1}}},"fnMap":{},"branchMap":{},"s":{"0":2,"1":2,"2":2,"3":2},"f":{},"b":{},"_coverageSchema":"43e27e138ebf9cfc5966b082cf9a028302ed4184","hash":"04bb356ee74c6f1efc18b83f246f1ec2b89c0643"}
,"/Users/christian/Dev/jobs/practice/fs1/client/src/components/Login.jsx": {"path":"/Users/christian/Dev/jobs/practice/fs1/client/src/components/Login.jsx","statementMap":{"0":{"start":{"line":15,"column":20},"end":{"line":37,"column":1}},"1":{"start":{"line":39,"column":21},"end":{"line":62,"column":1}},"2":{"start":{"line":64,"column":14},"end":{"line":133,"column":1}},"3":{"start":{"line":65,"column":19},"end":{"line":65,"column":32}},"4":{"start":{"line":66,"column":22},"end":{"line":66,"column":57}},"5":{"start":{"line":66,"column":45},"end":{"line":66,"column":56}},"6":{"start":{"line":67,"column":30},"end":{"line":70,"column":4}},"7":{"start":{"line":72,"column":24},"end":{"line":77,"column":3}},"8":{"start":{"line":74,"column":6},"end":{"line":74,"column":64}},"9":{"start":{"line":79,"column":24},"end":{"line":81,"column":16}},"10":{"start":{"line":80,"column":4},"end":{"line":80,"column":43}},"11":{"start":{"line":83,"column":23},"end":{"line":85,"column":24}},"12":{"start":{"line":84,"column":4},"end":{"line":84,"column":36}},"13":{"start":{"line":87,"column":2},"end":{"line":132,"column":4}}},"fnMap":{"0":{"name":"(anonymous_0)","decl":{"start":{"line":64,"column":14},"end":{"line":64,"column":15}},"loc":{"start":{"line":64,"column":20},"end":{"line":133,"column":1}},"line":64},"1":{"name":"(anonymous_1)","decl":{"start":{"line":66,"column":34},"end":{"line":66,"column":35}},"loc":{"start":{"line":66,"column":45},"end":{"line":66,"column":56}},"line":66},"2":{"name":"(anonymous_2)","decl":{"start":{"line":73,"column":4},"end":{"line":73,"column":5}},"loc":{"start":{"line":73,"column":11},"end":{"line":75,"column":5}},"line":73},"3":{"name":"(anonymous_3)","decl":{"start":{"line":79,"column":42},"end":{"line":79,"column":43}},"loc":{"start":{"line":79,"column":48},"end":{"line":81,"column":3}},"line":79},"4":{"name":"(anonymous_4)","decl":{"start":{"line":83,"column":41},"end":{"line":83,"column":42}},"loc":{"start":{"line":83,"column":47},"end":{"line":85,"column":3}},"line":83}},"branchMap":{"0":{"loc":{"start":{"line":91,"column":9},"end":{"line":91,"column":36}},"type":"binary-expr","locations":[{"start":{"line":91,"column":9},"end":{"line":91,"column":16}},{"start":{"line":91,"column":20},"end":{"line":91,"column":36}}],"line":91},"1":{"loc":{"start":{"line":122,"column":22},"end":{"line":122,"column":55}},"type":"binary-expr","locations":[{"start":{"line":122,"column":22},"end":{"line":122,"column":35}},{"start":{"line":122,"column":39},"end":{"line":122,"column":55}}],"line":122}},"s":{"0":2,"1":2,"2":2,"3":3,"4":3,"5":6,"6":3,"7":3,"8":0,"9":3,"10":0,"11":3,"12":0,"13":3},"f":{"0":3,"1":6,"2":0,"3":0,"4":0},"b":{"0":[3,0],"1":[3,0]},"_coverageSchema":"43e27e138ebf9cfc5966b082cf9a028302ed4184","hash":"662ebc1fba6487dbc21d22c836b8dbbdae8c520a"}
,"/Users/christian/Dev/jobs/practice/fs1/client/src/components/Preloader.js": {"path":"/Users/christian/Dev/jobs/practice/fs1/client/src/components/Preloader.js","statementMap":{"0":{"start":{"line":5,"column":18},"end":{"line":12,"column":1}},"1":{"start":{"line":14,"column":18},"end":{"line":45,"column":1}},"2":{"start":{"line":48,"column":2},"end":{"line":55,"column":4}}},"fnMap":{"0":{"name":"(anonymous_0)","decl":{"start":{"line":47,"column":15},"end":{"line":47,"column":16}},"loc":{"start":{"line":47,"column":27},"end":{"line":56,"column":1}},"line":47}},"branchMap":{},"s":{"0":0,"1":0,"2":0},"f":{"0":0},"b":{},"hash":"ca4a4caf15846ab680f49c4562a36a918cdd9639"}
,"/Users/christian/Dev/jobs/practice/fs1/client/src/components/SignUp.jsx": {"path":"/Users/christian/Dev/jobs/practice/fs1/client/src/components/SignUp.jsx","statementMap":{"0":{"start":{"line":13,"column":21},"end":{"line":35,"column":1}},"1":{"start":{"line":37,"column":19},"end":{"line":60,"column":1}},"2":{"start":{"line":62,"column":15},"end":{"line":158,"column":1}},"3":{"start":{"line":63,"column":19},"end":{"line":63,"column":32}},"4":{"start":{"line":65,"column":30},"end":{"line":70,"column":4}},"5":{"start":{"line":72,"column":24},"end":{"line":77,"column":3}},"6":{"start":{"line":74,"column":6},"end":{"line":74,"column":64}},"7":{"start":{"line":79,"column":22},"end":{"line":81,"column":16}},"8":{"start":{"line":80,"column":4},"end":{"line":80,"column":42}},"9":{"start":{"line":83,"column":24},"end":{"line":91,"column":24}},"10":{"start":{"line":84,"column":17},"end":{"line":89,"column":5}},"11":{"start":{"line":90,"column":4},"end":{"line":90,"column":35}},"12":{"start":{"line":93,"column":2},"end":{"line":157,"column":4}}},"fnMap":{"0":{"name":"(anonymous_0)","decl":{"start":{"line":62,"column":15},"end":{"line":62,"column":16}},"loc":{"start":{"line":62,"column":21},"end":{"line":158,"column":1}},"line":62},"1":{"name":"(anonymous_1)","decl":{"start":{"line":73,"column":4},"end":{"line":73,"column":5}},"loc":{"start":{"line":73,"column":11},"end":{"line":75,"column":5}},"line":73},"2":{"name":"(anonymous_2)","decl":{"start":{"line":79,"column":40},"end":{"line":79,"column":41}},"loc":{"start":{"line":79,"column":46},"end":{"line":81,"column":3}},"line":79},"3":{"name":"(anonymous_3)","decl":{"start":{"line":83,"column":42},"end":{"line":83,"column":43}},"loc":{"start":{"line":83,"column":48},"end":{"line":91,"column":3}},"line":83}},"branchMap":{"0":{"loc":{"start":{"line":147,"column":22},"end":{"line":147,"column":76}},"type":"binary-expr","locations":[{"start":{"line":147,"column":22},"end":{"line":147,"column":39}},{"start":{"line":147,"column":43},"end":{"line":147,"column":59}},{"start":{"line":147,"column":63},"end":{"line":147,"column":76}}],"line":147}},"s":{"0":1,"1":1,"2":1,"3":0,"4":0,"5":0,"6":0,"7":0,"8":0,"9":0,"10":0,"11":0,"12":0},"f":{"0":0,"1":0,"2":0,"3":0},"b":{"0":[0,0,0]},"_coverageSchema":"43e27e138ebf9cfc5966b082cf9a028302ed4184","hash":"81e82d12d8a82b59909535b97d621baef4daa8ef"}
,"/Users/christian/Dev/jobs/practice/fs1/client/src/redux/actionTypes.js": {"path":"/Users/christian/Dev/jobs/practice/fs1/client/src/redux/actionTypes.js","statementMap":{"0":{"start":{"line":1,"column":28},"end":{"line":1,"column":42}},"1":{"start":{"line":2,"column":29},"end":{"line":2,"column":44}},"2":{"start":{"line":3,"column":27},"end":{"line":3,"column":40}},"3":{"start":{"line":4,"column":30},"end":{"line":4,"column":46}},"4":{"start":{"line":5,"column":28},"end":{"line":5,"column":42}}},"fnMap":{},"branchMap":{},"s":{"0":2,"1":2,"2":2,"3":2,"4":2},"f":{},"b":{},"_coverageSchema":"43e27e138ebf9cfc5966b082cf9a028302ed4184","hash":"112486fe807be0d9e2170af8c3ec36c925dee8f5"}
,"/Users/christian/Dev/jobs/practice/fs1/client/src/redux/actions.js": {"path":"/Users/christian/Dev/jobs/practice/fs1/client/src/redux/actions.js","statementMap":{"0":{"start":{"line":4,"column":18},"end":{"line":4,"column":81}},"1":{"start":{"line":6,"column":26},"end":{"line":8,"column":1}},"2":{"start":{"line":6,"column":37},"end":{"line":8,"column":1}},"3":{"start":{"line":7,"column":2},"end":{"line":7,"column":50}},"4":{"start":{"line":10,"column":22},"end":{"line":17,"column":1}},"5":{"start":{"line":10,"column":33},"end":{"line":17,"column":1}},"6":{"start":{"line":11,"column":2},"end":{"line":16,"column":77}},"7":{"start":{"line":14,"column":6},"end":{"line":14,"column":64}},"8":{"start":{"line":16,"column":22},"end":{"line":16,"column":74}},"9":{"start":{"line":19,"column":21},"end":{"line":31,"column":1}},"10":{"start":{"line":19,"column":32},"end":{"line":31,"column":1}},"11":{"start":{"line":20,"column":2},"end":{"line":30,"column":76}},"12":{"start":{"line":23,"column":6},"end":{"line":23,"column":42}},"13":{"start":{"line":24,"column":6},"end":{"line":28,"column":7}},"14":{"start":{"line":25,"column":8},"end":{"line":25,"column":74}},"15":{"start":{"line":27,"column":8},"end":{"line":27,"column":92}},"16":{"start":{"line":30,"column":22},"end":{"line":30,"column":73}}},"fnMap":{"0":{"name":"(anonymous_0)","decl":{"start":{"line":6,"column":26},"end":{"line":6,"column":27}},"loc":{"start":{"line":6,"column":37},"end":{"line":8,"column":1}},"line":6},"1":{"name":"(anonymous_1)","decl":{"start":{"line":6,"column":37},"end":{"line":6,"column":38}},"loc":{"start":{"line":6,"column":49},"end":{"line":8,"column":1}},"line":6},"2":{"name":"(anonymous_2)","decl":{"start":{"line":10,"column":22},"end":{"line":10,"column":23}},"loc":{"start":{"line":10,"column":33},"end":{"line":17,"column":1}},"line":10},"3":{"name":"(anonymous_3)","decl":{"start":{"line":10,"column":33},"end":{"line":10,"column":34}},"loc":{"start":{"line":10,"column":51},"end":{"line":17,"column":1}},"line":10},"4":{"name":"(anonymous_4)","decl":{"start":{"line":13,"column":10},"end":{"line":13,"column":11}},"loc":{"start":{"line":13,"column":24},"end":{"line":15,"column":5}},"line":13},"5":{"name":"(anonymous_5)","decl":{"start":{"line":16,"column":11},"end":{"line":16,"column":12}},"loc":{"start":{"line":16,"column":22},"end":{"line":16,"column":74}},"line":16},"6":{"name":"(anonymous_6)","decl":{"start":{"line":19,"column":21},"end":{"line":19,"column":22}},"loc":{"start":{"line":19,"column":32},"end":{"line":31,"column":1}},"line":19},"7":{"name":"(anonymous_7)","decl":{"start":{"line":19,"column":32},"end":{"line":19,"column":33}},"loc":{"start":{"line":19,"column":50},"end":{"line":31,"column":1}},"line":19},"8":{"name":"(anonymous_8)","decl":{"start":{"line":22,"column":10},"end":{"line":22,"column":11}},"loc":{"start":{"line":22,"column":19},"end":{"line":29,"column":5}},"line":22},"9":{"name":"(anonymous_9)","decl":{"start":{"line":30,"column":11},"end":{"line":30,"column":12}},"loc":{"start":{"line":30,"column":22},"end":{"line":30,"column":73}},"line":30}},"branchMap":{"0":{"loc":{"start":{"line":24,"column":6},"end":{"line":28,"column":7}},"type":"if","locations":[{"start":{"line":24,"column":6},"end":{"line":28,"column":7}},{"start":{"line":24,"column":6},"end":{"line":28,"column":7}}],"line":24},"1":{"loc":{"start":{"line":24,"column":9},"end":{"line":24,"column":50}},"type":"binary-expr","locations":[{"start":{"line":24,"column":9},"end":{"line":24,"column":24}},{"start":{"line":24,"column":28},"end":{"line":24,"column":50}}],"line":24}},"s":{"0":2,"1":2,"2":0,"3":0,"4":2,"5":0,"6":0,"7":0,"8":0,"9":2,"10":0,"11":0,"12":0,"13":0,"14":0,"15":0,"16":0},"f":{"0":0,"1":0,"2":0,"3":0,"4":0,"5":0,"6":0,"7":0,"8":0,"9":0},"b":{"0":[0,0],"1":[0,0]},"_coverageSchema":"43e27e138ebf9cfc5966b082cf9a028302ed4184","hash":"84b1fbf5aff4ec8327101dd622b67f39be52640f"}
,"/Users/christian/Dev/jobs/practice/fs1/client/src/redux/index.js": {"path":"/Users/christian/Dev/jobs/practice/fs1/client/src/redux/index.js","statementMap":{"0":{"start":{"line":4,"column":22},"end":{"line":4,"column":60}},"1":{"start":{"line":6,"column":15},"end":{"line":6,"column":47}},"2":{"start":{"line":9,"column":2},"end":{"line":14,"column":13}},"3":{"start":{"line":16,"column":14},"end":{"line":16,"column":53}}},"fnMap":{},"branchMap":{"0":{"loc":{"start":{"line":9,"column":2},"end":{"line":14,"column":13}},"type":"cond-expr","locations":[{"start":{"line":10,"column":6},"end":{"line":13,"column":8}},{"start":{"line":14,"column":6},"end":{"line":14,"column":13}}],"line":9},"1":{"loc":{"start":{"line":9,"column":2},"end":{"line":9,"column":62}},"type":"binary-expr","locations":[{"start":{"line":9,"column":2},"end":{"line":9,"column":15}},{"start":{"line":9,"column":19},"end":{"line":9,"column":62}}],"line":9}},"s":{"0":0,"1":0,"2":0,"3":0},"f":{},"b":{"0":[0,0],"1":[0,0]},"hash":"7598a1efae3d47fe52f55a6225aa3f134a706882"}
,"/Users/christian/Dev/jobs/practice/fs1/client/src/redux/reducers.js": {"path":"/Users/christian/Dev/jobs/practice/fs1/client/src/redux/reducers.js","statementMap":{"0":{"start":{"line":3,"column":28},"end":{"line":10,"column":1}},"1":{"start":{"line":14,"column":30},"end":{"line":14,"column":36}},"2":{"start":{"line":15,"column":4},"end":{"line":25,"column":5}},"3":{"start":{"line":17,"column":8},"end":{"line":17,"column":50}},"4":{"start":{"line":18,"column":8},"end":{"line":18,"column":43}},"5":{"start":{"line":21,"column":8},"end":{"line":21,"column":43}},"6":{"start":{"line":24,"column":8},"end":{"line":24,"column":21}},"7":{"start":{"line":28,"column":30},"end":{"line":28,"column":36}},"8":{"start":{"line":29,"column":4},"end":{"line":41,"column":5}},"9":{"start":{"line":31,"column":8},"end":{"line":31,"column":55}},"10":{"start":{"line":34,"column":8},"end":{"line":34,"column":46}},"11":{"start":{"line":37,"column":8},"end":{"line":37,"column":46}},"12":{"start":{"line":40,"column":8},"end":{"line":40,"column":21}}},"fnMap":{"0":{"name":"(anonymous_0)","decl":{"start":{"line":13,"column":7},"end":{"line":13,"column":8}},"loc":{"start":{"line":13,"column":45},"end":{"line":26,"column":3}},"line":13},"1":{"name":"(anonymous_1)","decl":{"start":{"line":27,"column":9},"end":{"line":27,"column":10}},"loc":{"start":{"line":27,"column":46},"end":{"line":42,"column":3}},"line":27}},"branchMap":{"0":{"loc":{"start":{"line":13,"column":8},"end":{"line":13,"column":32}},"type":"default-arg","locations":[{"start":{"line":13,"column":16},"end":{"line":13,"column":32}}],"line":13},"1":{"loc":{"start":{"line":15,"column":4},"end":{"line":25,"column":5}},"type":"switch","locations":[{"start":{"line":16,"column":6},"end":{"line":19,"column":7}},{"start":{"line":20,"column":6},"end":{"line":22,"column":7}},{"start":{"line":23,"column":6},"end":{"line":24,"column":21}}],"line":15},"2":{"loc":{"start":{"line":27,"column":10},"end":{"line":27,"column":33}},"type":"default-arg","locations":[{"start":{"line":27,"column":18},"end":{"line":27,"column":33}}],"line":27},"3":{"loc":{"start":{"line":29,"column":4},"end":{"line":41,"column":5}},"type":"switch","locations":[{"start":{"line":30,"column":6},"end":{"line":32,"column":7}},{"start":{"line":33,"column":6},"end":{"line":35,"column":7}},{"start":{"line":36,"column":6},"end":{"line":38,"column":7}},{"start":{"line":39,"column":6},"end":{"line":40,"column":21}}],"line":29}},"s":{"0":2,"1":1,"2":1,"3":0,"4":0,"5":0,"6":1,"7":2,"8":2,"9":0,"10":0,"11":0,"12":2},"f":{"0":1,"1":2},"b":{"0":[0],"1":[0,0,1],"2":[0],"3":[0,0,0,2]},"_coverageSchema":"43e27e138ebf9cfc5966b082cf9a028302ed4184","hash":"2bb53ef7eb370171707fbdde8d4d0d3749d90779"}
}
