TN:
SF:/Users/christian/Dev/jobs/practice/fs1/client/src/index.js
FN:8,(anonymous_0)
FN:19,(anonymous_1)
FNF:2
FNH:0
FNDA:0,(anonymous_0)
FNDA:0,(anonymous_1)
DA:8,0
DA:9,0
DA:16,0
DA:18,0
DA:19,0
DA:20,0
DA:21,0
LF:7
LH:0
BRDA:18,0,0,0
BRDA:18,0,1,0
BRF:2
BRH:0
end_of_record
TN:
SF:/Users/christian/Dev/jobs/practice/fs1/client/src/test-utils.js
FN:8,render
FN:16,(anonymous_1)
FN:19,Wrapper
FNF:3
FNH:2
FNDA:3,render
FNDA:0,(anonymous_1)
FNDA:3,Wrapper
DA:16,3
DA:17,3
DA:18,3
DA:20,3
DA:22,3
LF:5
LH:5
BRDA:10,0,0,0
BRDA:17,1,0,3
BRDA:17,1,1,0
BRF:3
BRH:1
end_of_record
TN:
SF:/Users/christian/Dev/jobs/practice/fs1/client/src/theme.js
FNF:0
FNH:0
DA:3,1
DA:12,1
DA:20,1
DA:29,1
LF:4
LH:4
BRF:0
BRH:0
end_of_record
TN:
SF:/Users/christian/Dev/jobs/practice/fs1/client/src/App/App.jsx
FN:9,(anonymous_0)
FN:10,(anonymous_1)
FNF:2
FNH:2
FNDA:1,(anonymous_0)
FNDA:2,(anonymous_1)
DA:9,1
DA:10,2
DA:11,1
LF:3
LH:3
BRDA:13,0,0,0
BRDA:13,0,1,1
BRF:2
BRH:1
end_of_record
TN:
SF:/Users/christian/Dev/jobs/practice/fs1/client/src/App/index.js
FNF:0
FNH:0
LF:0
LH:0
BRF:0
BRH:0
end_of_record
TN:
SF:/Users/christian/Dev/jobs/practice/fs1/client/src/App/styles.js
FNF:0
FNH:0
DA:4,1
LF:1
LH:1
BRF:0
BRH:0
end_of_record
TN:
SF:/Users/christian/Dev/jobs/practice/fs1/client/src/components/Containers.jsx
FNF:0
FNH:0
DA:3,2
LF:1
LH:1
BRF:0
BRH:0
end_of_record
TN:
SF:/Users/christian/Dev/jobs/practice/fs1/client/src/components/FormFields.js
FNF:0
FNH:0
DA:3,2
DA:23,2
DA:31,2
DA:87,2
LF:4
LH:4
BRF:0
BRH:0
end_of_record
TN:
SF:/Users/christian/Dev/jobs/practice/fs1/client/src/components/Login.jsx
FN:64,(anonymous_0)
FN:66,(anonymous_1)
FN:73,(anonymous_2)
FN:79,(anonymous_3)
FN:83,(anonymous_4)
FNF:5
FNH:2
FNDA:3,(anonymous_0)
FNDA:6,(anonymous_1)
FNDA:0,(anonymous_2)
FNDA:0,(anonymous_3)
FNDA:0,(anonymous_4)
DA:15,2
DA:39,2
DA:64,2
DA:65,3
DA:66,6
DA:67,3
DA:72,3
DA:74,0
DA:79,3
DA:80,0
DA:83,3
DA:84,0
DA:87,3
LF:13
LH:10
BRDA:91,0,0,3
BRDA:91,0,1,0
BRDA:122,1,0,3
BRDA:122,1,1,0
BRF:4
BRH:2
end_of_record
TN:
SF:/Users/christian/Dev/jobs/practice/fs1/client/src/components/Preloader.js
FN:47,(anonymous_0)
FNF:1
FNH:0
FNDA:0,(anonymous_0)
DA:5,0
DA:14,0
DA:48,0
LF:3
LH:0
BRF:0
BRH:0
end_of_record
TN:
SF:/Users/christian/Dev/jobs/practice/fs1/client/src/components/SignUp.jsx
FN:62,(anonymous_0)
FN:73,(anonymous_1)
FN:79,(anonymous_2)
FN:83,(anonymous_3)
FNF:4
FNH:0
FNDA:0,(anonymous_0)
FNDA:0,(anonymous_1)
FNDA:0,(anonymous_2)
FNDA:0,(anonymous_3)
DA:13,1
DA:37,1
DA:62,1
DA:63,0
DA:65,0
DA:72,0
DA:74,0
DA:79,0
DA:80,0
DA:83,0
DA:84,0
DA:90,0
DA:93,0
LF:13
LH:3
BRDA:147,0,0,0
BRDA:147,0,1,0
BRDA:147,0,2,0
BRF:3
BRH:0
end_of_record
TN:
SF:/Users/christian/Dev/jobs/practice/fs1/client/src/redux/actionTypes.js
FNF:0
FNH:0
DA:1,2
DA:2,2
DA:3,2
DA:4,2
DA:5,2
LF:5
LH:5
BRF:0
BRH:0
end_of_record
TN:
SF:/Users/christian/Dev/jobs/practice/fs1/client/src/redux/actions.js
FN:6,(anonymous_0)
FN:6,(anonymous_1)
FN:10,(anonymous_2)
FN:10,(anonymous_3)
FN:13,(anonymous_4)
FN:16,(anonymous_5)
FN:19,(anonymous_6)
FN:19,(anonymous_7)
FN:22,(anonymous_8)
FN:30,(anonymous_9)
FNF:10
FNH:0
FNDA:0,(anonymous_0)
FNDA:0,(anonymous_1)
FNDA:0,(anonymous_2)
FNDA:0,(anonymous_3)
FNDA:0,(anonymous_4)
FNDA:0,(anonymous_5)
FNDA:0,(anonymous_6)
FNDA:0,(anonymous_7)
FNDA:0,(anonymous_8)
FNDA:0,(anonymous_9)
DA:4,2
DA:6,2
DA:7,0
DA:10,2
DA:11,0
DA:14,0
DA:16,0
DA:19,2
DA:20,0
DA:23,0
DA:24,0
DA:25,0
DA:27,0
DA:30,0
LF:14
LH:4
BRDA:24,0,0,0
BRDA:24,0,1,0
BRDA:24,1,0,0
BRDA:24,1,1,0
BRF:4
BRH:0
end_of_record
TN:
SF:/Users/christian/Dev/jobs/practice/fs1/client/src/redux/index.js
FNF:0
FNH:0
DA:4,0
DA:6,0
DA:9,0
DA:16,0
LF:4
LH:0
BRDA:9,0,0,0
BRDA:9,0,1,0
BRDA:9,1,0,0
BRDA:9,1,1,0
BRF:4
BRH:0
end_of_record
TN:
SF:/Users/christian/Dev/jobs/practice/fs1/client/src/redux/reducers.js
FN:13,(anonymous_0)
FN:27,(anonymous_1)
FNF:2
FNH:2
FNDA:1,(anonymous_0)
FNDA:2,(anonymous_1)
DA:3,2
DA:14,1
DA:15,1
DA:17,0
DA:18,0
DA:21,0
DA:24,1
DA:28,2
DA:29,2
DA:31,0
DA:34,0
DA:37,0
DA:40,2
LF:13
LH:7
BRDA:13,0,0,0
BRDA:15,1,0,0
BRDA:15,1,1,0
BRDA:15,1,2,1
BRDA:27,2,0,0
BRDA:29,3,0,0
BRDA:29,3,1,0
BRDA:29,3,2,0
BRDA:29,3,3,2
BRF:9
BRH:2
end_of_record
